09.04.2022 10:01:13- SqlMotion.main()#1320: <<< Data ready in 458 msec!
09.04.2022 10:01:13- SqlMotion.main()#1374: <<< fertig in 461 msec!
09.04.2022 10:01:28- SqlMotion.main()#744: >>> Vers. 4.3.45/Apr  7 2022
                   - PID 2232, User 118, Group 127, Anzahl Argumente: '42'
09.04.2022 10:01:29- SqlMotion.main()#1320: <<< Data ready in 707 msec!
09.04.2022 10:01:29- SqlMotion.main()#1374: <<< fertig in 709 msec!
09.04.2022 10:01:51- SqlMotion.main()#744: >>> Vers. 4.3.45/Apr  7 2022
                   - PID 2248, User 118, Group 127, Anzahl Argumente: '99'
09.04.2022 10:01:53- SqlMotion.main()#1320: <<< Data ready in 1063 msec!
09.04.2022 10:01:53- SqlMotion.main()#1374: <<< fertig in 1069 msec!
09.04.2022 10:02:06- SqlMotion.main()#744: >>> Vers. 4.3.45/Apr  7 2022
                   - PID 2261, User 118, Group 127, Anzahl Argumente: '34'
09.04.2022 10:02:15- SqlMotion.main()#1320: <<< Data ready in 1619 msec!
09.04.2022 10:02:15- SqlMotion.main()#1374: <<< fertig in 8370 msec!
09.04.2022 10:02:16- SqlMotion.main()#744: >>> Vers. 4.3.45/Apr  7 2022
                   - PID 2278, User 118, Group 127, Anzahl Argumente: '22'
09.04.2022 10:02:19- SqlMotion.main()#1320: <<< Data ready in 2359 msec!
09.04.2022 10:02:19- SqlMotion.main()#1374: <<< fertig in 2442 msec!
09.04.2022 10:02:36- SqlMotion.main()#744: >>> Vers. 4.3.45/Apr  7 2022
                   - PID 2295, User 118, Group 127, Anzahl Argumente: '75'
09.04.2022 10:02:37- SqlMotion.main()#1320: <<< Data ready in 771 msec!
09.04.2022 10:02:37- SqlMotion.main()#1374: <<< fertig in 775 msec!
09.04.2022 10:02:53- SqlMotion.main()#744: >>> Vers. 4.3.45/Apr  7 2022
                   - PID 2309, User 118, Group 127, Anzahl Argumente: '28'
09.04.2022 10:02:59- SqlMotion.main()#1320: <<< Data ready in 5266 msec!
09.04.2022 10:02:59- SqlMotion.main()#1374: <<< fertig in 5268 msec!
09.04.2022 10:04:21- SqlMotion.main()#744: >>> Vers. 4.3.45/Apr  7 2022
                   - PID 2324, User 118, Group 127, Anzahl Argumente: '98'
09.04.2022 10:04:22- SqlMotion.main()#1320: <<< Data ready in 816 msec!
09.04.2022 10:04:22- SqlMotion.main()#1374: <<< fertig in 827 msec!
09.04.2022 10:07:13- SqlMotion.main()#744: >>> Vers. 4.3.45/Apr  7 2022
                   - PID 2383, User 118, Group 127, Anzahl Argumente: '17'
09.04.2022 10:07:14- SqlMotion.main()#744: >>> Vers. 4.3.45/Apr  7 2022
                   - PID 2385, User 118, Group 127, Anzahl Argumente: '17'
09.04.2022 10:07:14- SqlMotion.showMain_Error()#149: <<< CreateDB()#428 @10:07:14 in sqlmotion.c: "Connect -- SQL-Error 2002(Can't connect to local MySQL server through socket '/var/run/mysqld/mysqld.sock' (2))": Exit!
09.04.2022 10:07:14- SqlMotion.showMain_Error()#149: <<< CreateDB()#428 @10:07:14 in sqlmotion.c: "Connect -- SQL-Error 2002(Can't connect to local MySQL server through socket '/var/run/mysqld/mysqld.sock' (2))": Exit!
09.04.2022 10:08:16- SqlMotion.main()#744: >>> Vers. 4.3.45/Apr  7 2022
                   - PID 986, User 118, Group 127, Anzahl Argumente: '42'
09.04.2022 10:08:16- SqlMotion.main()#1320: <<< Data ready in 3 msec!
09.04.2022 10:08:16- SqlMotion.toFIFO()#703:    ----->>> in FIFO übertragen: 20 Bytes
09.04.2022 10:08:16- SqlMotion.main()#1374: <<< fertig in 4 msec!
09.04.2022 10:10:02- SqlMotion.main()#744: >>> Vers. 4.3.45/Apr  7 2022
                   - PID 1051, User 118, Group 127, Anzahl Argumente: '191'
09.04.2022 10:10:03- SqlMotion.main()#1320: <<< Data ready in 578 msec!
09.04.2022 10:10:03- SqlMotion.toFIFO()#703:    ----->>> in FIFO übertragen: 20 Bytes
09.04.2022 10:10:03- SqlMotion.main()#1374: <<< fertig in 588 msec!
09.04.2022 10:10:34- SqlMotion.main()#744: >>> Vers. 4.3.45/Apr  7 2022
                   - PID 1065, User 118, Group 127, Anzahl Argumente: '70'
09.04.2022 10:10:35- SqlMotion.main()#1320: <<< Data ready in 524 msec!
09.04.2022 10:10:35- SqlMotion.toFIFO()#703:    ----->>> in FIFO übertragen: 20 Bytes
09.04.2022 10:10:35- SqlMotion.main()#1374: <<< fertig in 529 msec!
09.04.2022 11:05:31- SqlMotion.main()#744: >>> Vers. 4.3.45/Apr  7 2022
                   - PID 1443, User 118, Group 127, Anzahl Argumente: '102'
09.04.2022 11:05:32- SqlMotion.main()#1320: <<< Data ready in 554 msec!
09.04.2022 11:05:32- SqlMotion.toFIFO()#703:    ----->>> in FIFO übertragen: 20 Bytes
09.04.2022 11:05:32- SqlMotion.main()#1374: <<< fertig in 559 msec!
09.04.2022 11:05:50- SqlMotion.main()#744: >>> Vers. 4.3.45/Apr  7 2022
                   - PID 1462, User 118, Group 127, Anzahl Argumente: '103'
09.04.2022 11:05:51- SqlMotion.main()#1320: <<< Data ready in 550 msec!
09.04.2022 11:05:51- SqlMotion.toFIFO()#703:    ----->>> in FIFO übertragen: 20 Bytes
09.04.2022 11:05:51- SqlMotion.main()#1374: <<< fertig in 579 msec!
09.04.2022 11:07:08- SqlMotion.main()#744: >>> Vers. 4.3.45/Apr  7 2022
                   - PID 1477, User 118, Group 127, Anzahl Argumente: '56'
09.04.2022 11:07:09- SqlMotion.main()#1320: <<< Data ready in 526 msec!
09.04.2022 11:07:09- SqlMotion.toFIFO()#703:    ----->>> in FIFO übertragen: 20 Bytes
09.04.2022 11:07:09- SqlMotion.main()#1374: <<< fertig in 528 msec!
09.04.2022 11:07:27- SqlMotion.main()#744: >>> Vers. 4.3.45/Apr  7 2022
                   - PID 1491, User 118, Group 127, Anzahl Argumente: '104'
09.04.2022 11:07:28- SqlMotion.main()#1320: <<< Data ready in 591 msec!
09.04.2022 11:07:28- SqlMotion.toFIFO()#703:    ----->>> in FIFO übertragen: 20 Bytes
09.04.2022 11:07:28- SqlMotion.main()#1374: <<< fertig in 596 msec!
09.04.2022 11:13:21- SqlMotion.main()#744: >>> Vers. 4.3.45/Apr  7 2022
                   - PID 1568, User 118, Group 127, Anzahl Argumente: '90'
09.04.2022 11:13:22- SqlMotion.main()#1320: <<< Data ready in 473 msec!
09.04.2022 11:13:22- SqlMotion.toFIFO()#703:    ----->>> in FIFO übertragen: 20 Bytes
09.04.2022 11:13:22- SqlMotion.main()#1374: <<< fertig in 477 msec!
09.04.2022 11:15:33- SqlMotion.main()#744: >>> Vers. 4.3.45/Apr  7 2022
                   - PID 1596, User 118, Group 127, Anzahl Argumente: '123'
09.04.2022 11:15:34- SqlMotion.main()#1320: <<< Data ready in 427 msec!
09.04.2022 11:15:34- SqlMotion.toFIFO()#703:    ----->>> in FIFO übertragen: 20 Bytes
09.04.2022 11:15:34- SqlMotion.main()#1374: <<< fertig in 434 msec!
09.04.2022 12:00:13- SqlMotion.main()#744: >>> Vers. 4.3.45/Apr  7 2022
                   - PID 1797, User 118, Group 127, Anzahl Argumente: '79'
09.04.2022 12:00:14- SqlMotion.main()#1320: <<< Data ready in 446 msec!
09.04.2022 12:00:14- SqlMotion.toFIFO()#703:    ----->>> in FIFO übertragen: 20 Bytes
09.04.2022 12:00:14- SqlMotion.main()#1374: <<< fertig in 458 msec!
